{
  "stats": {
    "suites": 1,
    "tests": 3,
    "passes": 3,
    "pending": 0,
    "failures": 0,
    "start": "2022-07-29T22:44:39.516Z",
    "end": "2022-07-29T22:44:42.834Z",
    "duration": 3318,
    "testsRegistered": 3,
    "passPercent": 100,
    "pendingPercent": 0,
    "other": 0,
    "hasOther": false,
    "skipped": 0,
    "hasSkipped": false
  },
  "results": [
    {
      "uuid": "60d92022-1a45-4c3c-85f5-921d480e79a9",
      "title": "",
      "fullFile": "cypress/integration/02.Header_spec.js",
      "file": "cypress/integration/02.Header_spec.js",
      "beforeHooks": [],
      "afterHooks": [],
      "tests": [],
      "suites": [
        {
          "uuid": "efde0f6b-fbba-417f-a78a-1a5870548fd4",
          "title": "2 - Crie um header para a página de carteira contendo as seguintes características:",
          "fullFile": "",
          "file": "",
          "beforeHooks": [],
          "afterHooks": [],
          "tests": [
            {
              "title": "Um elemento que exiba o email do usuário que fez login.",
              "fullTitle": "2 - Crie um header para a página de carteira contendo as seguintes características: Um elemento que exiba o email do usuário que fez login.",
              "timedOut": null,
              "duration": 999,
              "state": "passed",
              "speed": "fast",
              "pass": true,
              "fail": false,
              "pending": false,
              "context": null,
              "code": "cy.getByTestId(_constants.EMAIL_FIELD_TEST_ID).should('contain', _constants.VALID_EMAIL);",
              "err": {},
              "uuid": "78df7ab8-404c-4eab-92d5-5acf99183e48",
              "parentUUID": "efde0f6b-fbba-417f-a78a-1a5870548fd4",
              "isHook": false,
              "skipped": false
            },
            {
              "title": "Crie um campo com a despesa total gerada pela lista de gastos.",
              "fullTitle": "2 - Crie um header para a página de carteira contendo as seguintes características: Crie um campo com a despesa total gerada pela lista de gastos.",
              "timedOut": null,
              "duration": 678,
              "state": "passed",
              "speed": "fast",
              "pass": true,
              "fail": false,
              "pending": false,
              "context": null,
              "code": "cy.getByTestId(_constants.TOTAL_FIELD_TEST_ID).should('contain', '0');",
              "err": {},
              "uuid": "66ad831d-3002-4cde-a6dc-f95f3d8b1cb2",
              "parentUUID": "efde0f6b-fbba-417f-a78a-1a5870548fd4",
              "isHook": false,
              "skipped": false
            },
            {
              "title": "Crie um campo que mostre que qual câmbio está sendo utilizado, que será neste caso 'BRL'",
              "fullTitle": "2 - Crie um header para a página de carteira contendo as seguintes características: Crie um campo que mostre que qual câmbio está sendo utilizado, que será neste caso 'BRL'",
              "timedOut": null,
              "duration": 656,
              "state": "passed",
              "speed": "fast",
              "pass": true,
              "fail": false,
              "pending": false,
              "context": null,
              "code": "cy.getByTestId(_constants.HEADER_CURRENCY_FIELD_TEST_ID).should('contain', 'BRL');",
              "err": {},
              "uuid": "19b6f7f0-3174-492b-b8a0-2df029b04f59",
              "parentUUID": "efde0f6b-fbba-417f-a78a-1a5870548fd4",
              "isHook": false,
              "skipped": false
            }
          ],
          "suites": [],
          "passes": [
            "78df7ab8-404c-4eab-92d5-5acf99183e48",
            "66ad831d-3002-4cde-a6dc-f95f3d8b1cb2",
            "19b6f7f0-3174-492b-b8a0-2df029b04f59"
          ],
          "failures": [],
          "pending": [],
          "skipped": [],
          "duration": 2333,
          "root": false,
          "rootEmpty": false,
          "_timeout": 2000
        }
      ],
      "passes": [],
      "failures": [],
      "pending": [],
      "skipped": [],
      "duration": 0,
      "root": true,
      "rootEmpty": true,
      "_timeout": 2000
    }
  ],
  "meta": {
    "mocha": {
      "version": "7.0.1"
    },
    "mochawesome": {
      "options": {
        "quiet": false,
        "reportFilename": "mochawesome",
        "saveHtml": false,
        "saveJson": true,
        "consoleReporter": "spec",
        "useInlineDiffs": false,
        "code": true
      },
      "version": "7.1.3"
    },
    "marge": {
      "options": {
        "id": "default",
        "reportDir": "cypress/reports",
        "overwrite": false,
        "html": false,
        "json": true
      },
      "version": "6.2.0"
    }
  }
}